<?xml version="1.0" encoding="UTF-8"?>
<!-- Generated by org.testng.reporters.JUnitReportReporter -->
<testsuite hostname="Yamini" failures="0" tests="1" name="testCases.TestCase8" time="9.627" errors="0" timestamp="2024-12-06T17:48:08 IST" skipped="0">
  <testcase classname="testCases.TestCase8" name="TC8" time="9.627"/>
  <system-out>
    <![CDATA[Test Case Execution started
TestCase Exceuted succesfully]]>
  </system-out>
</testsuite> <!-- testCases.TestCase8 -->
