<?xml version="1.0" encoding="UTF-8"?>
<!-- Generated by org.testng.reporters.JUnitReportReporter -->
<testsuite hostname="Yamini" failures="0" tests="1" name="testCases.TestCase10" time="38.308" errors="0" timestamp="2024-11-27T22:11:32 IST" skipped="0">
  <testcase classname="testCases.TestCase10" name="AddandRemoveQuantiesFromCart" time="38.308"/>
  <system-out>
    <![CDATA[Test Case Execution started
TestCase Exceuted succesfully]]>
  </system-out>
</testsuite> <!-- testCases.TestCase10 -->
